Grammar

    0 $accept: NT_WHOLE $end

    1 NT_WHOLE: NT_CMD

    2 NT_CMD: TM_VAR TM_IDENT TM_ASGNOP NT_EXPR
    3       | TM_VAR TM_IDENT
    4       | TM_ARRAY TM_IDENT TM_LEFT_BRACKET TM_NAT TM_RIGHT_BRACKET
    5       | TM_IDENT TM_ASGNOP NT_EXPR
    6       | TM_IDENT TM_LEFT_BRACKET NT_EXPR TM_RIGHT_BRACKET TM_ASGNOP NT_EXPR
    7       | NT_CMD TM_SEMICOL NT_CMD
    8       | TM_IF NT_EXPR TM_THEN TM_LEFT_BRACE NT_CMD TM_RIGHT_BRACE TM_ELSE TM_LEFT_BRACE NT_CMD TM_RIGHT_BRACE
    9       | TM_WHILE NT_EXPR TM_DO TM_LEFT_BRACE NT_CMD TM_RIGHT_BRACE

   10 NT_EXPR_2: TM_NAT
   11          | TM_LEFT_PAREN NT_EXPR TM_RIGHT_PAREN
   12          | TM_IDENT TM_LEFT_BRACKET NT_EXPR TM_RIGHT_BRACKET
   13          | TM_IDENT
   14          | TM_NOT NT_EXPR_2
   15          | TM_MINUS NT_EXPR_2

   16 NT_EXPR: NT_EXPR_2
   17        | NT_EXPR TM_MUL NT_EXPR
   18        | NT_EXPR TM_PLUS NT_EXPR
   19        | NT_EXPR TM_MINUS NT_EXPR
   20        | NT_EXPR TM_DIV NT_EXPR
   21        | NT_EXPR TM_MOD NT_EXPR
   22        | NT_EXPR TM_LT NT_EXPR
   23        | NT_EXPR TM_GT NT_EXPR
   24        | NT_EXPR TM_LE NT_EXPR
   25        | NT_EXPR TM_GE NT_EXPR
   26        | NT_EXPR TM_EQ NT_EXPR
   27        | NT_EXPR TM_NE NT_EXPR
   28        | NT_EXPR TM_AND NT_EXPR
   29        | NT_EXPR TM_OR NT_EXPR


Terminals, with rules where they appear

    $end (0) 0
    error (256)
    TM_NAT <n> (258) 4 10
    TM_IDENT <i> (259) 2 3 4 5 6 12 13
    TM_LEFT_BRACE <none> (260) 8 9
    TM_RIGHT_BRACE <none> (261) 8 9
    TM_LEFT_BRACKET <none> (262) 4 6 12
    TM_RIGHT_BRACKET <none> (263) 4 6 12
    TM_LEFT_PAREN <none> (264) 11
    TM_RIGHT_PAREN <none> (265) 11
    TM_SEMICOL <none> (266) 7
    TM_VAR <none> (267) 2 3
    TM_ARRAY <none> (268) 4
    TM_IF <none> (269) 8
    TM_THEN <none> (270) 8
    TM_ELSE <none> (271) 8
    TM_WHILE <none> (272) 9
    TM_DO <none> (273) 9
    TM_ASGNOP <none> (274) 2 5 6
    TM_OR <none> (275) 29
    TM_AND <none> (276) 28
    TM_NOT <none> (277) 14
    TM_LT <none> (278) 22
    TM_LE <none> (279) 24
    TM_GT <none> (280) 23
    TM_GE <none> (281) 25
    TM_EQ <none> (282) 26
    TM_NE <none> (283) 27
    TM_PLUS <none> (284) 18
    TM_MINUS <none> (285) 15 19
    TM_MUL <none> (286) 17
    TM_DIV <none> (287) 20
    TM_MOD <none> (288) 21


Nonterminals, with rules where they appear

    $accept (34)
        on left: 0
    NT_WHOLE <c> (35)
        on left: 1
        on right: 0
    NT_CMD <c> (36)
        on left: 2 3 4 5 6 7 8 9
        on right: 1 7 8 9
    NT_EXPR_2 <e> (37)
        on left: 10 11 12 13 14 15
        on right: 14 15 16
    NT_EXPR <e> (38)
        on left: 16 17 18 19 20 21 22 23 24 25 26 27 28 29
        on right: 2 5 6 8 9 11 12 17 18 19 20 21 22 23 24 25 26 27 28 29


State 0

    0 $accept: • NT_WHOLE $end

    TM_IDENT  shift, and go to state 1
    TM_VAR    shift, and go to state 2
    TM_ARRAY  shift, and go to state 3
    TM_IF     shift, and go to state 4
    TM_WHILE  shift, and go to state 5

    NT_WHOLE  go to state 6
    NT_CMD    go to state 7


State 1

    5 NT_CMD: TM_IDENT • TM_ASGNOP NT_EXPR
    6       | TM_IDENT • TM_LEFT_BRACKET NT_EXPR TM_RIGHT_BRACKET TM_ASGNOP NT_EXPR

    TM_LEFT_BRACKET  shift, and go to state 8
    TM_ASGNOP        shift, and go to state 9


State 2

    2 NT_CMD: TM_VAR • TM_IDENT TM_ASGNOP NT_EXPR
    3       | TM_VAR • TM_IDENT

    TM_IDENT  shift, and go to state 10


State 3

    4 NT_CMD: TM_ARRAY • TM_IDENT TM_LEFT_BRACKET TM_NAT TM_RIGHT_BRACKET

    TM_IDENT  shift, and go to state 11


State 4

    8 NT_CMD: TM_IF • NT_EXPR TM_THEN TM_LEFT_BRACE NT_CMD TM_RIGHT_BRACE TM_ELSE TM_LEFT_BRACE NT_CMD TM_RIGHT_BRACE

    TM_NAT         shift, and go to state 12
    TM_IDENT       shift, and go to state 13
    TM_LEFT_PAREN  shift, and go to state 14
    TM_NOT         shift, and go to state 15
    TM_MINUS       shift, and go to state 16

    NT_EXPR_2  go to state 17
    NT_EXPR    go to state 18


State 5

    9 NT_CMD: TM_WHILE • NT_EXPR TM_DO TM_LEFT_BRACE NT_CMD TM_RIGHT_BRACE

    TM_NAT         shift, and go to state 12
    TM_IDENT       shift, and go to state 13
    TM_LEFT_PAREN  shift, and go to state 14
    TM_NOT         shift, and go to state 15
    TM_MINUS       shift, and go to state 16

    NT_EXPR_2  go to state 17
    NT_EXPR    go to state 19


State 6

    0 $accept: NT_WHOLE • $end

    $end  shift, and go to state 20


State 7

    1 NT_WHOLE: NT_CMD •
    7 NT_CMD: NT_CMD • TM_SEMICOL NT_CMD

    TM_SEMICOL  shift, and go to state 21

    $default  reduce using rule 1 (NT_WHOLE)


State 8

    6 NT_CMD: TM_IDENT TM_LEFT_BRACKET • NT_EXPR TM_RIGHT_BRACKET TM_ASGNOP NT_EXPR

    TM_NAT         shift, and go to state 12
    TM_IDENT       shift, and go to state 13
    TM_LEFT_PAREN  shift, and go to state 14
    TM_NOT         shift, and go to state 15
    TM_MINUS       shift, and go to state 16

    NT_EXPR_2  go to state 17
    NT_EXPR    go to state 22


State 9

    5 NT_CMD: TM_IDENT TM_ASGNOP • NT_EXPR

    TM_NAT         shift, and go to state 12
    TM_IDENT       shift, and go to state 13
    TM_LEFT_PAREN  shift, and go to state 14
    TM_NOT         shift, and go to state 15
    TM_MINUS       shift, and go to state 16

    NT_EXPR_2  go to state 17
    NT_EXPR    go to state 23


State 10

    2 NT_CMD: TM_VAR TM_IDENT • TM_ASGNOP NT_EXPR
    3       | TM_VAR TM_IDENT •

    TM_ASGNOP  shift, and go to state 24

    $default  reduce using rule 3 (NT_CMD)


State 11

    4 NT_CMD: TM_ARRAY TM_IDENT • TM_LEFT_BRACKET TM_NAT TM_RIGHT_BRACKET

    TM_LEFT_BRACKET  shift, and go to state 25


State 12

   10 NT_EXPR_2: TM_NAT •

    $default  reduce using rule 10 (NT_EXPR_2)


State 13

   12 NT_EXPR_2: TM_IDENT • TM_LEFT_BRACKET NT_EXPR TM_RIGHT_BRACKET
   13          | TM_IDENT •

    TM_LEFT_BRACKET  shift, and go to state 26

    $default  reduce using rule 13 (NT_EXPR_2)


State 14

   11 NT_EXPR_2: TM_LEFT_PAREN • NT_EXPR TM_RIGHT_PAREN

    TM_NAT         shift, and go to state 12
    TM_IDENT       shift, and go to state 13
    TM_LEFT_PAREN  shift, and go to state 14
    TM_NOT         shift, and go to state 15
    TM_MINUS       shift, and go to state 16

    NT_EXPR_2  go to state 17
    NT_EXPR    go to state 27


State 15

   14 NT_EXPR_2: TM_NOT • NT_EXPR_2

    TM_NAT         shift, and go to state 12
    TM_IDENT       shift, and go to state 13
    TM_LEFT_PAREN  shift, and go to state 14
    TM_NOT         shift, and go to state 15
    TM_MINUS       shift, and go to state 16

    NT_EXPR_2  go to state 28


State 16

   15 NT_EXPR_2: TM_MINUS • NT_EXPR_2

    TM_NAT         shift, and go to state 12
    TM_IDENT       shift, and go to state 13
    TM_LEFT_PAREN  shift, and go to state 14
    TM_NOT         shift, and go to state 15
    TM_MINUS       shift, and go to state 16

    NT_EXPR_2  go to state 29


State 17

   16 NT_EXPR: NT_EXPR_2 •

    $default  reduce using rule 16 (NT_EXPR)


State 18

    8 NT_CMD: TM_IF NT_EXPR • TM_THEN TM_LEFT_BRACE NT_CMD TM_RIGHT_BRACE TM_ELSE TM_LEFT_BRACE NT_CMD TM_RIGHT_BRACE
   17 NT_EXPR: NT_EXPR • TM_MUL NT_EXPR
   18        | NT_EXPR • TM_PLUS NT_EXPR
   19        | NT_EXPR • TM_MINUS NT_EXPR
   20        | NT_EXPR • TM_DIV NT_EXPR
   21        | NT_EXPR • TM_MOD NT_EXPR
   22        | NT_EXPR • TM_LT NT_EXPR
   23        | NT_EXPR • TM_GT NT_EXPR
   24        | NT_EXPR • TM_LE NT_EXPR
   25        | NT_EXPR • TM_GE NT_EXPR
   26        | NT_EXPR • TM_EQ NT_EXPR
   27        | NT_EXPR • TM_NE NT_EXPR
   28        | NT_EXPR • TM_AND NT_EXPR
   29        | NT_EXPR • TM_OR NT_EXPR

    TM_THEN   shift, and go to state 30
    TM_OR     shift, and go to state 31
    TM_AND    shift, and go to state 32
    TM_LT     shift, and go to state 33
    TM_LE     shift, and go to state 34
    TM_GT     shift, and go to state 35
    TM_GE     shift, and go to state 36
    TM_EQ     shift, and go to state 37
    TM_NE     shift, and go to state 38
    TM_PLUS   shift, and go to state 39
    TM_MINUS  shift, and go to state 40
    TM_MUL    shift, and go to state 41
    TM_DIV    shift, and go to state 42
    TM_MOD    shift, and go to state 43


State 19

    9 NT_CMD: TM_WHILE NT_EXPR • TM_DO TM_LEFT_BRACE NT_CMD TM_RIGHT_BRACE
   17 NT_EXPR: NT_EXPR • TM_MUL NT_EXPR
   18        | NT_EXPR • TM_PLUS NT_EXPR
   19        | NT_EXPR • TM_MINUS NT_EXPR
   20        | NT_EXPR • TM_DIV NT_EXPR
   21        | NT_EXPR • TM_MOD NT_EXPR
   22        | NT_EXPR • TM_LT NT_EXPR
   23        | NT_EXPR • TM_GT NT_EXPR
   24        | NT_EXPR • TM_LE NT_EXPR
   25        | NT_EXPR • TM_GE NT_EXPR
   26        | NT_EXPR • TM_EQ NT_EXPR
   27        | NT_EXPR • TM_NE NT_EXPR
   28        | NT_EXPR • TM_AND NT_EXPR
   29        | NT_EXPR • TM_OR NT_EXPR

    TM_DO     shift, and go to state 44
    TM_OR     shift, and go to state 31
    TM_AND    shift, and go to state 32
    TM_LT     shift, and go to state 33
    TM_LE     shift, and go to state 34
    TM_GT     shift, and go to state 35
    TM_GE     shift, and go to state 36
    TM_EQ     shift, and go to state 37
    TM_NE     shift, and go to state 38
    TM_PLUS   shift, and go to state 39
    TM_MINUS  shift, and go to state 40
    TM_MUL    shift, and go to state 41
    TM_DIV    shift, and go to state 42
    TM_MOD    shift, and go to state 43


State 20

    0 $accept: NT_WHOLE $end •

    $default  accept


State 21

    7 NT_CMD: NT_CMD TM_SEMICOL • NT_CMD

    TM_IDENT  shift, and go to state 1
    TM_VAR    shift, and go to state 2
    TM_ARRAY  shift, and go to state 3
    TM_IF     shift, and go to state 4
    TM_WHILE  shift, and go to state 5

    NT_CMD  go to state 45


State 22

    6 NT_CMD: TM_IDENT TM_LEFT_BRACKET NT_EXPR • TM_RIGHT_BRACKET TM_ASGNOP NT_EXPR
   17 NT_EXPR: NT_EXPR • TM_MUL NT_EXPR
   18        | NT_EXPR • TM_PLUS NT_EXPR
   19        | NT_EXPR • TM_MINUS NT_EXPR
   20        | NT_EXPR • TM_DIV NT_EXPR
   21        | NT_EXPR • TM_MOD NT_EXPR
   22        | NT_EXPR • TM_LT NT_EXPR
   23        | NT_EXPR • TM_GT NT_EXPR
   24        | NT_EXPR • TM_LE NT_EXPR
   25        | NT_EXPR • TM_GE NT_EXPR
   26        | NT_EXPR • TM_EQ NT_EXPR
   27        | NT_EXPR • TM_NE NT_EXPR
   28        | NT_EXPR • TM_AND NT_EXPR
   29        | NT_EXPR • TM_OR NT_EXPR

    TM_RIGHT_BRACKET  shift, and go to state 46
    TM_OR             shift, and go to state 31
    TM_AND            shift, and go to state 32
    TM_LT             shift, and go to state 33
    TM_LE             shift, and go to state 34
    TM_GT             shift, and go to state 35
    TM_GE             shift, and go to state 36
    TM_EQ             shift, and go to state 37
    TM_NE             shift, and go to state 38
    TM_PLUS           shift, and go to state 39
    TM_MINUS          shift, and go to state 40
    TM_MUL            shift, and go to state 41
    TM_DIV            shift, and go to state 42
    TM_MOD            shift, and go to state 43


State 23

    5 NT_CMD: TM_IDENT TM_ASGNOP NT_EXPR •
   17 NT_EXPR: NT_EXPR • TM_MUL NT_EXPR
   18        | NT_EXPR • TM_PLUS NT_EXPR
   19        | NT_EXPR • TM_MINUS NT_EXPR
   20        | NT_EXPR • TM_DIV NT_EXPR
   21        | NT_EXPR • TM_MOD NT_EXPR
   22        | NT_EXPR • TM_LT NT_EXPR
   23        | NT_EXPR • TM_GT NT_EXPR
   24        | NT_EXPR • TM_LE NT_EXPR
   25        | NT_EXPR • TM_GE NT_EXPR
   26        | NT_EXPR • TM_EQ NT_EXPR
   27        | NT_EXPR • TM_NE NT_EXPR
   28        | NT_EXPR • TM_AND NT_EXPR
   29        | NT_EXPR • TM_OR NT_EXPR

    TM_OR     shift, and go to state 31
    TM_AND    shift, and go to state 32
    TM_LT     shift, and go to state 33
    TM_LE     shift, and go to state 34
    TM_GT     shift, and go to state 35
    TM_GE     shift, and go to state 36
    TM_EQ     shift, and go to state 37
    TM_NE     shift, and go to state 38
    TM_PLUS   shift, and go to state 39
    TM_MINUS  shift, and go to state 40
    TM_MUL    shift, and go to state 41
    TM_DIV    shift, and go to state 42
    TM_MOD    shift, and go to state 43

    $default  reduce using rule 5 (NT_CMD)


State 24

    2 NT_CMD: TM_VAR TM_IDENT TM_ASGNOP • NT_EXPR

    TM_NAT         shift, and go to state 12
    TM_IDENT       shift, and go to state 13
    TM_LEFT_PAREN  shift, and go to state 14
    TM_NOT         shift, and go to state 15
    TM_MINUS       shift, and go to state 16

    NT_EXPR_2  go to state 17
    NT_EXPR    go to state 47


State 25

    4 NT_CMD: TM_ARRAY TM_IDENT TM_LEFT_BRACKET • TM_NAT TM_RIGHT_BRACKET

    TM_NAT  shift, and go to state 48


State 26

   12 NT_EXPR_2: TM_IDENT TM_LEFT_BRACKET • NT_EXPR TM_RIGHT_BRACKET

    TM_NAT         shift, and go to state 12
    TM_IDENT       shift, and go to state 13
    TM_LEFT_PAREN  shift, and go to state 14
    TM_NOT         shift, and go to state 15
    TM_MINUS       shift, and go to state 16

    NT_EXPR_2  go to state 17
    NT_EXPR    go to state 49


State 27

   11 NT_EXPR_2: TM_LEFT_PAREN NT_EXPR • TM_RIGHT_PAREN
   17 NT_EXPR: NT_EXPR • TM_MUL NT_EXPR
   18        | NT_EXPR • TM_PLUS NT_EXPR
   19        | NT_EXPR • TM_MINUS NT_EXPR
   20        | NT_EXPR • TM_DIV NT_EXPR
   21        | NT_EXPR • TM_MOD NT_EXPR
   22        | NT_EXPR • TM_LT NT_EXPR
   23        | NT_EXPR • TM_GT NT_EXPR
   24        | NT_EXPR • TM_LE NT_EXPR
   25        | NT_EXPR • TM_GE NT_EXPR
   26        | NT_EXPR • TM_EQ NT_EXPR
   27        | NT_EXPR • TM_NE NT_EXPR
   28        | NT_EXPR • TM_AND NT_EXPR
   29        | NT_EXPR • TM_OR NT_EXPR

    TM_RIGHT_PAREN  shift, and go to state 50
    TM_OR           shift, and go to state 31
    TM_AND          shift, and go to state 32
    TM_LT           shift, and go to state 33
    TM_LE           shift, and go to state 34
    TM_GT           shift, and go to state 35
    TM_GE           shift, and go to state 36
    TM_EQ           shift, and go to state 37
    TM_NE           shift, and go to state 38
    TM_PLUS         shift, and go to state 39
    TM_MINUS        shift, and go to state 40
    TM_MUL          shift, and go to state 41
    TM_DIV          shift, and go to state 42
    TM_MOD          shift, and go to state 43


State 28

   14 NT_EXPR_2: TM_NOT NT_EXPR_2 •

    $default  reduce using rule 14 (NT_EXPR_2)


State 29

   15 NT_EXPR_2: TM_MINUS NT_EXPR_2 •

    $default  reduce using rule 15 (NT_EXPR_2)


State 30

    8 NT_CMD: TM_IF NT_EXPR TM_THEN • TM_LEFT_BRACE NT_CMD TM_RIGHT_BRACE TM_ELSE TM_LEFT_BRACE NT_CMD TM_RIGHT_BRACE

    TM_LEFT_BRACE  shift, and go to state 51


State 31

   29 NT_EXPR: NT_EXPR TM_OR • NT_EXPR

    TM_NAT         shift, and go to state 12
    TM_IDENT       shift, and go to state 13
    TM_LEFT_PAREN  shift, and go to state 14
    TM_NOT         shift, and go to state 15
    TM_MINUS       shift, and go to state 16

    NT_EXPR_2  go to state 17
    NT_EXPR    go to state 52


State 32

   28 NT_EXPR: NT_EXPR TM_AND • NT_EXPR

    TM_NAT         shift, and go to state 12
    TM_IDENT       shift, and go to state 13
    TM_LEFT_PAREN  shift, and go to state 14
    TM_NOT         shift, and go to state 15
    TM_MINUS       shift, and go to state 16

    NT_EXPR_2  go to state 17
    NT_EXPR    go to state 53


State 33

   22 NT_EXPR: NT_EXPR TM_LT • NT_EXPR

    TM_NAT         shift, and go to state 12
    TM_IDENT       shift, and go to state 13
    TM_LEFT_PAREN  shift, and go to state 14
    TM_NOT         shift, and go to state 15
    TM_MINUS       shift, and go to state 16

    NT_EXPR_2  go to state 17
    NT_EXPR    go to state 54


State 34

   24 NT_EXPR: NT_EXPR TM_LE • NT_EXPR

    TM_NAT         shift, and go to state 12
    TM_IDENT       shift, and go to state 13
    TM_LEFT_PAREN  shift, and go to state 14
    TM_NOT         shift, and go to state 15
    TM_MINUS       shift, and go to state 16

    NT_EXPR_2  go to state 17
    NT_EXPR    go to state 55


State 35

   23 NT_EXPR: NT_EXPR TM_GT • NT_EXPR

    TM_NAT         shift, and go to state 12
    TM_IDENT       shift, and go to state 13
    TM_LEFT_PAREN  shift, and go to state 14
    TM_NOT         shift, and go to state 15
    TM_MINUS       shift, and go to state 16

    NT_EXPR_2  go to state 17
    NT_EXPR    go to state 56


State 36

   25 NT_EXPR: NT_EXPR TM_GE • NT_EXPR

    TM_NAT         shift, and go to state 12
    TM_IDENT       shift, and go to state 13
    TM_LEFT_PAREN  shift, and go to state 14
    TM_NOT         shift, and go to state 15
    TM_MINUS       shift, and go to state 16

    NT_EXPR_2  go to state 17
    NT_EXPR    go to state 57


State 37

   26 NT_EXPR: NT_EXPR TM_EQ • NT_EXPR

    TM_NAT         shift, and go to state 12
    TM_IDENT       shift, and go to state 13
    TM_LEFT_PAREN  shift, and go to state 14
    TM_NOT         shift, and go to state 15
    TM_MINUS       shift, and go to state 16

    NT_EXPR_2  go to state 17
    NT_EXPR    go to state 58


State 38

   27 NT_EXPR: NT_EXPR TM_NE • NT_EXPR

    TM_NAT         shift, and go to state 12
    TM_IDENT       shift, and go to state 13
    TM_LEFT_PAREN  shift, and go to state 14
    TM_NOT         shift, and go to state 15
    TM_MINUS       shift, and go to state 16

    NT_EXPR_2  go to state 17
    NT_EXPR    go to state 59


State 39

   18 NT_EXPR: NT_EXPR TM_PLUS • NT_EXPR

    TM_NAT         shift, and go to state 12
    TM_IDENT       shift, and go to state 13
    TM_LEFT_PAREN  shift, and go to state 14
    TM_NOT         shift, and go to state 15
    TM_MINUS       shift, and go to state 16

    NT_EXPR_2  go to state 17
    NT_EXPR    go to state 60


State 40

   19 NT_EXPR: NT_EXPR TM_MINUS • NT_EXPR

    TM_NAT         shift, and go to state 12
    TM_IDENT       shift, and go to state 13
    TM_LEFT_PAREN  shift, and go to state 14
    TM_NOT         shift, and go to state 15
    TM_MINUS       shift, and go to state 16

    NT_EXPR_2  go to state 17
    NT_EXPR    go to state 61


State 41

   17 NT_EXPR: NT_EXPR TM_MUL • NT_EXPR

    TM_NAT         shift, and go to state 12
    TM_IDENT       shift, and go to state 13
    TM_LEFT_PAREN  shift, and go to state 14
    TM_NOT         shift, and go to state 15
    TM_MINUS       shift, and go to state 16

    NT_EXPR_2  go to state 17
    NT_EXPR    go to state 62


State 42

   20 NT_EXPR: NT_EXPR TM_DIV • NT_EXPR

    TM_NAT         shift, and go to state 12
    TM_IDENT       shift, and go to state 13
    TM_LEFT_PAREN  shift, and go to state 14
    TM_NOT         shift, and go to state 15
    TM_MINUS       shift, and go to state 16

    NT_EXPR_2  go to state 17
    NT_EXPR    go to state 63


State 43

   21 NT_EXPR: NT_EXPR TM_MOD • NT_EXPR

    TM_NAT         shift, and go to state 12
    TM_IDENT       shift, and go to state 13
    TM_LEFT_PAREN  shift, and go to state 14
    TM_NOT         shift, and go to state 15
    TM_MINUS       shift, and go to state 16

    NT_EXPR_2  go to state 17
    NT_EXPR    go to state 64


State 44

    9 NT_CMD: TM_WHILE NT_EXPR TM_DO • TM_LEFT_BRACE NT_CMD TM_RIGHT_BRACE

    TM_LEFT_BRACE  shift, and go to state 65


State 45

    7 NT_CMD: NT_CMD • TM_SEMICOL NT_CMD
    7       | NT_CMD TM_SEMICOL NT_CMD •

    TM_SEMICOL  shift, and go to state 21

    $default  reduce using rule 7 (NT_CMD)


State 46

    6 NT_CMD: TM_IDENT TM_LEFT_BRACKET NT_EXPR TM_RIGHT_BRACKET • TM_ASGNOP NT_EXPR

    TM_ASGNOP  shift, and go to state 66


State 47

    2 NT_CMD: TM_VAR TM_IDENT TM_ASGNOP NT_EXPR •
   17 NT_EXPR: NT_EXPR • TM_MUL NT_EXPR
   18        | NT_EXPR • TM_PLUS NT_EXPR
   19        | NT_EXPR • TM_MINUS NT_EXPR
   20        | NT_EXPR • TM_DIV NT_EXPR
   21        | NT_EXPR • TM_MOD NT_EXPR
   22        | NT_EXPR • TM_LT NT_EXPR
   23        | NT_EXPR • TM_GT NT_EXPR
   24        | NT_EXPR • TM_LE NT_EXPR
   25        | NT_EXPR • TM_GE NT_EXPR
   26        | NT_EXPR • TM_EQ NT_EXPR
   27        | NT_EXPR • TM_NE NT_EXPR
   28        | NT_EXPR • TM_AND NT_EXPR
   29        | NT_EXPR • TM_OR NT_EXPR

    TM_OR     shift, and go to state 31
    TM_AND    shift, and go to state 32
    TM_LT     shift, and go to state 33
    TM_LE     shift, and go to state 34
    TM_GT     shift, and go to state 35
    TM_GE     shift, and go to state 36
    TM_EQ     shift, and go to state 37
    TM_NE     shift, and go to state 38
    TM_PLUS   shift, and go to state 39
    TM_MINUS  shift, and go to state 40
    TM_MUL    shift, and go to state 41
    TM_DIV    shift, and go to state 42
    TM_MOD    shift, and go to state 43

    $default  reduce using rule 2 (NT_CMD)


State 48

    4 NT_CMD: TM_ARRAY TM_IDENT TM_LEFT_BRACKET TM_NAT • TM_RIGHT_BRACKET

    TM_RIGHT_BRACKET  shift, and go to state 67


State 49

   12 NT_EXPR_2: TM_IDENT TM_LEFT_BRACKET NT_EXPR • TM_RIGHT_BRACKET
   17 NT_EXPR: NT_EXPR • TM_MUL NT_EXPR
   18        | NT_EXPR • TM_PLUS NT_EXPR
   19        | NT_EXPR • TM_MINUS NT_EXPR
   20        | NT_EXPR • TM_DIV NT_EXPR
   21        | NT_EXPR • TM_MOD NT_EXPR
   22        | NT_EXPR • TM_LT NT_EXPR
   23        | NT_EXPR • TM_GT NT_EXPR
   24        | NT_EXPR • TM_LE NT_EXPR
   25        | NT_EXPR • TM_GE NT_EXPR
   26        | NT_EXPR • TM_EQ NT_EXPR
   27        | NT_EXPR • TM_NE NT_EXPR
   28        | NT_EXPR • TM_AND NT_EXPR
   29        | NT_EXPR • TM_OR NT_EXPR

    TM_RIGHT_BRACKET  shift, and go to state 68
    TM_OR             shift, and go to state 31
    TM_AND            shift, and go to state 32
    TM_LT             shift, and go to state 33
    TM_LE             shift, and go to state 34
    TM_GT             shift, and go to state 35
    TM_GE             shift, and go to state 36
    TM_EQ             shift, and go to state 37
    TM_NE             shift, and go to state 38
    TM_PLUS           shift, and go to state 39
    TM_MINUS          shift, and go to state 40
    TM_MUL            shift, and go to state 41
    TM_DIV            shift, and go to state 42
    TM_MOD            shift, and go to state 43


State 50

   11 NT_EXPR_2: TM_LEFT_PAREN NT_EXPR TM_RIGHT_PAREN •

    $default  reduce using rule 11 (NT_EXPR_2)


State 51

    8 NT_CMD: TM_IF NT_EXPR TM_THEN TM_LEFT_BRACE • NT_CMD TM_RIGHT_BRACE TM_ELSE TM_LEFT_BRACE NT_CMD TM_RIGHT_BRACE

    TM_IDENT  shift, and go to state 1
    TM_VAR    shift, and go to state 2
    TM_ARRAY  shift, and go to state 3
    TM_IF     shift, and go to state 4
    TM_WHILE  shift, and go to state 5

    NT_CMD  go to state 69


State 52

   17 NT_EXPR: NT_EXPR • TM_MUL NT_EXPR
   18        | NT_EXPR • TM_PLUS NT_EXPR
   19        | NT_EXPR • TM_MINUS NT_EXPR
   20        | NT_EXPR • TM_DIV NT_EXPR
   21        | NT_EXPR • TM_MOD NT_EXPR
   22        | NT_EXPR • TM_LT NT_EXPR
   23        | NT_EXPR • TM_GT NT_EXPR
   24        | NT_EXPR • TM_LE NT_EXPR
   25        | NT_EXPR • TM_GE NT_EXPR
   26        | NT_EXPR • TM_EQ NT_EXPR
   27        | NT_EXPR • TM_NE NT_EXPR
   28        | NT_EXPR • TM_AND NT_EXPR
   29        | NT_EXPR • TM_OR NT_EXPR
   29        | NT_EXPR TM_OR NT_EXPR •

    TM_AND    shift, and go to state 32
    TM_LT     shift, and go to state 33
    TM_LE     shift, and go to state 34
    TM_GT     shift, and go to state 35
    TM_GE     shift, and go to state 36
    TM_EQ     shift, and go to state 37
    TM_NE     shift, and go to state 38
    TM_PLUS   shift, and go to state 39
    TM_MINUS  shift, and go to state 40
    TM_MUL    shift, and go to state 41
    TM_DIV    shift, and go to state 42
    TM_MOD    shift, and go to state 43

    $default  reduce using rule 29 (NT_EXPR)


State 53

   17 NT_EXPR: NT_EXPR • TM_MUL NT_EXPR
   18        | NT_EXPR • TM_PLUS NT_EXPR
   19        | NT_EXPR • TM_MINUS NT_EXPR
   20        | NT_EXPR • TM_DIV NT_EXPR
   21        | NT_EXPR • TM_MOD NT_EXPR
   22        | NT_EXPR • TM_LT NT_EXPR
   23        | NT_EXPR • TM_GT NT_EXPR
   24        | NT_EXPR • TM_LE NT_EXPR
   25        | NT_EXPR • TM_GE NT_EXPR
   26        | NT_EXPR • TM_EQ NT_EXPR
   27        | NT_EXPR • TM_NE NT_EXPR
   28        | NT_EXPR • TM_AND NT_EXPR
   28        | NT_EXPR TM_AND NT_EXPR •
   29        | NT_EXPR • TM_OR NT_EXPR

    TM_LT     shift, and go to state 33
    TM_LE     shift, and go to state 34
    TM_GT     shift, and go to state 35
    TM_GE     shift, and go to state 36
    TM_EQ     shift, and go to state 37
    TM_NE     shift, and go to state 38
    TM_PLUS   shift, and go to state 39
    TM_MINUS  shift, and go to state 40
    TM_MUL    shift, and go to state 41
    TM_DIV    shift, and go to state 42
    TM_MOD    shift, and go to state 43

    $default  reduce using rule 28 (NT_EXPR)


State 54

   17 NT_EXPR: NT_EXPR • TM_MUL NT_EXPR
   18        | NT_EXPR • TM_PLUS NT_EXPR
   19        | NT_EXPR • TM_MINUS NT_EXPR
   20        | NT_EXPR • TM_DIV NT_EXPR
   21        | NT_EXPR • TM_MOD NT_EXPR
   22        | NT_EXPR • TM_LT NT_EXPR
   22        | NT_EXPR TM_LT NT_EXPR •
   23        | NT_EXPR • TM_GT NT_EXPR
   24        | NT_EXPR • TM_LE NT_EXPR
   25        | NT_EXPR • TM_GE NT_EXPR
   26        | NT_EXPR • TM_EQ NT_EXPR
   27        | NT_EXPR • TM_NE NT_EXPR
   28        | NT_EXPR • TM_AND NT_EXPR
   29        | NT_EXPR • TM_OR NT_EXPR

    TM_PLUS   shift, and go to state 39
    TM_MINUS  shift, and go to state 40
    TM_MUL    shift, and go to state 41
    TM_DIV    shift, and go to state 42
    TM_MOD    shift, and go to state 43

    $default  reduce using rule 22 (NT_EXPR)


State 55

   17 NT_EXPR: NT_EXPR • TM_MUL NT_EXPR
   18        | NT_EXPR • TM_PLUS NT_EXPR
   19        | NT_EXPR • TM_MINUS NT_EXPR
   20        | NT_EXPR • TM_DIV NT_EXPR
   21        | NT_EXPR • TM_MOD NT_EXPR
   22        | NT_EXPR • TM_LT NT_EXPR
   23        | NT_EXPR • TM_GT NT_EXPR
   24        | NT_EXPR • TM_LE NT_EXPR
   24        | NT_EXPR TM_LE NT_EXPR •
   25        | NT_EXPR • TM_GE NT_EXPR
   26        | NT_EXPR • TM_EQ NT_EXPR
   27        | NT_EXPR • TM_NE NT_EXPR
   28        | NT_EXPR • TM_AND NT_EXPR
   29        | NT_EXPR • TM_OR NT_EXPR

    TM_PLUS   shift, and go to state 39
    TM_MINUS  shift, and go to state 40
    TM_MUL    shift, and go to state 41
    TM_DIV    shift, and go to state 42
    TM_MOD    shift, and go to state 43

    $default  reduce using rule 24 (NT_EXPR)


State 56

   17 NT_EXPR: NT_EXPR • TM_MUL NT_EXPR
   18        | NT_EXPR • TM_PLUS NT_EXPR
   19        | NT_EXPR • TM_MINUS NT_EXPR
   20        | NT_EXPR • TM_DIV NT_EXPR
   21        | NT_EXPR • TM_MOD NT_EXPR
   22        | NT_EXPR • TM_LT NT_EXPR
   23        | NT_EXPR • TM_GT NT_EXPR
   23        | NT_EXPR TM_GT NT_EXPR •
   24        | NT_EXPR • TM_LE NT_EXPR
   25        | NT_EXPR • TM_GE NT_EXPR
   26        | NT_EXPR • TM_EQ NT_EXPR
   27        | NT_EXPR • TM_NE NT_EXPR
   28        | NT_EXPR • TM_AND NT_EXPR
   29        | NT_EXPR • TM_OR NT_EXPR

    TM_PLUS   shift, and go to state 39
    TM_MINUS  shift, and go to state 40
    TM_MUL    shift, and go to state 41
    TM_DIV    shift, and go to state 42
    TM_MOD    shift, and go to state 43

    $default  reduce using rule 23 (NT_EXPR)


State 57

   17 NT_EXPR: NT_EXPR • TM_MUL NT_EXPR
   18        | NT_EXPR • TM_PLUS NT_EXPR
   19        | NT_EXPR • TM_MINUS NT_EXPR
   20        | NT_EXPR • TM_DIV NT_EXPR
   21        | NT_EXPR • TM_MOD NT_EXPR
   22        | NT_EXPR • TM_LT NT_EXPR
   23        | NT_EXPR • TM_GT NT_EXPR
   24        | NT_EXPR • TM_LE NT_EXPR
   25        | NT_EXPR • TM_GE NT_EXPR
   25        | NT_EXPR TM_GE NT_EXPR •
   26        | NT_EXPR • TM_EQ NT_EXPR
   27        | NT_EXPR • TM_NE NT_EXPR
   28        | NT_EXPR • TM_AND NT_EXPR
   29        | NT_EXPR • TM_OR NT_EXPR

    TM_PLUS   shift, and go to state 39
    TM_MINUS  shift, and go to state 40
    TM_MUL    shift, and go to state 41
    TM_DIV    shift, and go to state 42
    TM_MOD    shift, and go to state 43

    $default  reduce using rule 25 (NT_EXPR)


State 58

   17 NT_EXPR: NT_EXPR • TM_MUL NT_EXPR
   18        | NT_EXPR • TM_PLUS NT_EXPR
   19        | NT_EXPR • TM_MINUS NT_EXPR
   20        | NT_EXPR • TM_DIV NT_EXPR
   21        | NT_EXPR • TM_MOD NT_EXPR
   22        | NT_EXPR • TM_LT NT_EXPR
   23        | NT_EXPR • TM_GT NT_EXPR
   24        | NT_EXPR • TM_LE NT_EXPR
   25        | NT_EXPR • TM_GE NT_EXPR
   26        | NT_EXPR • TM_EQ NT_EXPR
   26        | NT_EXPR TM_EQ NT_EXPR •
   27        | NT_EXPR • TM_NE NT_EXPR
   28        | NT_EXPR • TM_AND NT_EXPR
   29        | NT_EXPR • TM_OR NT_EXPR

    TM_PLUS   shift, and go to state 39
    TM_MINUS  shift, and go to state 40
    TM_MUL    shift, and go to state 41
    TM_DIV    shift, and go to state 42
    TM_MOD    shift, and go to state 43

    $default  reduce using rule 26 (NT_EXPR)


State 59

   17 NT_EXPR: NT_EXPR • TM_MUL NT_EXPR
   18        | NT_EXPR • TM_PLUS NT_EXPR
   19        | NT_EXPR • TM_MINUS NT_EXPR
   20        | NT_EXPR • TM_DIV NT_EXPR
   21        | NT_EXPR • TM_MOD NT_EXPR
   22        | NT_EXPR • TM_LT NT_EXPR
   23        | NT_EXPR • TM_GT NT_EXPR
   24        | NT_EXPR • TM_LE NT_EXPR
   25        | NT_EXPR • TM_GE NT_EXPR
   26        | NT_EXPR • TM_EQ NT_EXPR
   27        | NT_EXPR • TM_NE NT_EXPR
   27        | NT_EXPR TM_NE NT_EXPR •
   28        | NT_EXPR • TM_AND NT_EXPR
   29        | NT_EXPR • TM_OR NT_EXPR

    TM_PLUS   shift, and go to state 39
    TM_MINUS  shift, and go to state 40
    TM_MUL    shift, and go to state 41
    TM_DIV    shift, and go to state 42
    TM_MOD    shift, and go to state 43

    $default  reduce using rule 27 (NT_EXPR)


State 60

   17 NT_EXPR: NT_EXPR • TM_MUL NT_EXPR
   18        | NT_EXPR • TM_PLUS NT_EXPR
   18        | NT_EXPR TM_PLUS NT_EXPR •
   19        | NT_EXPR • TM_MINUS NT_EXPR
   20        | NT_EXPR • TM_DIV NT_EXPR
   21        | NT_EXPR • TM_MOD NT_EXPR
   22        | NT_EXPR • TM_LT NT_EXPR
   23        | NT_EXPR • TM_GT NT_EXPR
   24        | NT_EXPR • TM_LE NT_EXPR
   25        | NT_EXPR • TM_GE NT_EXPR
   26        | NT_EXPR • TM_EQ NT_EXPR
   27        | NT_EXPR • TM_NE NT_EXPR
   28        | NT_EXPR • TM_AND NT_EXPR
   29        | NT_EXPR • TM_OR NT_EXPR

    TM_MUL  shift, and go to state 41
    TM_DIV  shift, and go to state 42
    TM_MOD  shift, and go to state 43

    $default  reduce using rule 18 (NT_EXPR)


State 61

   17 NT_EXPR: NT_EXPR • TM_MUL NT_EXPR
   18        | NT_EXPR • TM_PLUS NT_EXPR
   19        | NT_EXPR • TM_MINUS NT_EXPR
   19        | NT_EXPR TM_MINUS NT_EXPR •
   20        | NT_EXPR • TM_DIV NT_EXPR
   21        | NT_EXPR • TM_MOD NT_EXPR
   22        | NT_EXPR • TM_LT NT_EXPR
   23        | NT_EXPR • TM_GT NT_EXPR
   24        | NT_EXPR • TM_LE NT_EXPR
   25        | NT_EXPR • TM_GE NT_EXPR
   26        | NT_EXPR • TM_EQ NT_EXPR
   27        | NT_EXPR • TM_NE NT_EXPR
   28        | NT_EXPR • TM_AND NT_EXPR
   29        | NT_EXPR • TM_OR NT_EXPR

    TM_MUL  shift, and go to state 41
    TM_DIV  shift, and go to state 42
    TM_MOD  shift, and go to state 43

    $default  reduce using rule 19 (NT_EXPR)


State 62

   17 NT_EXPR: NT_EXPR • TM_MUL NT_EXPR
   17        | NT_EXPR TM_MUL NT_EXPR •
   18        | NT_EXPR • TM_PLUS NT_EXPR
   19        | NT_EXPR • TM_MINUS NT_EXPR
   20        | NT_EXPR • TM_DIV NT_EXPR
   21        | NT_EXPR • TM_MOD NT_EXPR
   22        | NT_EXPR • TM_LT NT_EXPR
   23        | NT_EXPR • TM_GT NT_EXPR
   24        | NT_EXPR • TM_LE NT_EXPR
   25        | NT_EXPR • TM_GE NT_EXPR
   26        | NT_EXPR • TM_EQ NT_EXPR
   27        | NT_EXPR • TM_NE NT_EXPR
   28        | NT_EXPR • TM_AND NT_EXPR
   29        | NT_EXPR • TM_OR NT_EXPR

    $default  reduce using rule 17 (NT_EXPR)


State 63

   17 NT_EXPR: NT_EXPR • TM_MUL NT_EXPR
   18        | NT_EXPR • TM_PLUS NT_EXPR
   19        | NT_EXPR • TM_MINUS NT_EXPR
   20        | NT_EXPR • TM_DIV NT_EXPR
   20        | NT_EXPR TM_DIV NT_EXPR •
   21        | NT_EXPR • TM_MOD NT_EXPR
   22        | NT_EXPR • TM_LT NT_EXPR
   23        | NT_EXPR • TM_GT NT_EXPR
   24        | NT_EXPR • TM_LE NT_EXPR
   25        | NT_EXPR • TM_GE NT_EXPR
   26        | NT_EXPR • TM_EQ NT_EXPR
   27        | NT_EXPR • TM_NE NT_EXPR
   28        | NT_EXPR • TM_AND NT_EXPR
   29        | NT_EXPR • TM_OR NT_EXPR

    $default  reduce using rule 20 (NT_EXPR)


State 64

   17 NT_EXPR: NT_EXPR • TM_MUL NT_EXPR
   18        | NT_EXPR • TM_PLUS NT_EXPR
   19        | NT_EXPR • TM_MINUS NT_EXPR
   20        | NT_EXPR • TM_DIV NT_EXPR
   21        | NT_EXPR • TM_MOD NT_EXPR
   21        | NT_EXPR TM_MOD NT_EXPR •
   22        | NT_EXPR • TM_LT NT_EXPR
   23        | NT_EXPR • TM_GT NT_EXPR
   24        | NT_EXPR • TM_LE NT_EXPR
   25        | NT_EXPR • TM_GE NT_EXPR
   26        | NT_EXPR • TM_EQ NT_EXPR
   27        | NT_EXPR • TM_NE NT_EXPR
   28        | NT_EXPR • TM_AND NT_EXPR
   29        | NT_EXPR • TM_OR NT_EXPR

    $default  reduce using rule 21 (NT_EXPR)


State 65

    9 NT_CMD: TM_WHILE NT_EXPR TM_DO TM_LEFT_BRACE • NT_CMD TM_RIGHT_BRACE

    TM_IDENT  shift, and go to state 1
    TM_VAR    shift, and go to state 2
    TM_ARRAY  shift, and go to state 3
    TM_IF     shift, and go to state 4
    TM_WHILE  shift, and go to state 5

    NT_CMD  go to state 70


State 66

    6 NT_CMD: TM_IDENT TM_LEFT_BRACKET NT_EXPR TM_RIGHT_BRACKET TM_ASGNOP • NT_EXPR

    TM_NAT         shift, and go to state 12
    TM_IDENT       shift, and go to state 13
    TM_LEFT_PAREN  shift, and go to state 14
    TM_NOT         shift, and go to state 15
    TM_MINUS       shift, and go to state 16

    NT_EXPR_2  go to state 17
    NT_EXPR    go to state 71


State 67

    4 NT_CMD: TM_ARRAY TM_IDENT TM_LEFT_BRACKET TM_NAT TM_RIGHT_BRACKET •

    $default  reduce using rule 4 (NT_CMD)


State 68

   12 NT_EXPR_2: TM_IDENT TM_LEFT_BRACKET NT_EXPR TM_RIGHT_BRACKET •

    $default  reduce using rule 12 (NT_EXPR_2)


State 69

    7 NT_CMD: NT_CMD • TM_SEMICOL NT_CMD
    8       | TM_IF NT_EXPR TM_THEN TM_LEFT_BRACE NT_CMD • TM_RIGHT_BRACE TM_ELSE TM_LEFT_BRACE NT_CMD TM_RIGHT_BRACE

    TM_RIGHT_BRACE  shift, and go to state 72
    TM_SEMICOL      shift, and go to state 21


State 70

    7 NT_CMD: NT_CMD • TM_SEMICOL NT_CMD
    9       | TM_WHILE NT_EXPR TM_DO TM_LEFT_BRACE NT_CMD • TM_RIGHT_BRACE

    TM_RIGHT_BRACE  shift, and go to state 73
    TM_SEMICOL      shift, and go to state 21


State 71

    6 NT_CMD: TM_IDENT TM_LEFT_BRACKET NT_EXPR TM_RIGHT_BRACKET TM_ASGNOP NT_EXPR •
   17 NT_EXPR: NT_EXPR • TM_MUL NT_EXPR
   18        | NT_EXPR • TM_PLUS NT_EXPR
   19        | NT_EXPR • TM_MINUS NT_EXPR
   20        | NT_EXPR • TM_DIV NT_EXPR
   21        | NT_EXPR • TM_MOD NT_EXPR
   22        | NT_EXPR • TM_LT NT_EXPR
   23        | NT_EXPR • TM_GT NT_EXPR
   24        | NT_EXPR • TM_LE NT_EXPR
   25        | NT_EXPR • TM_GE NT_EXPR
   26        | NT_EXPR • TM_EQ NT_EXPR
   27        | NT_EXPR • TM_NE NT_EXPR
   28        | NT_EXPR • TM_AND NT_EXPR
   29        | NT_EXPR • TM_OR NT_EXPR

    TM_OR     shift, and go to state 31
    TM_AND    shift, and go to state 32
    TM_LT     shift, and go to state 33
    TM_LE     shift, and go to state 34
    TM_GT     shift, and go to state 35
    TM_GE     shift, and go to state 36
    TM_EQ     shift, and go to state 37
    TM_NE     shift, and go to state 38
    TM_PLUS   shift, and go to state 39
    TM_MINUS  shift, and go to state 40
    TM_MUL    shift, and go to state 41
    TM_DIV    shift, and go to state 42
    TM_MOD    shift, and go to state 43

    $default  reduce using rule 6 (NT_CMD)


State 72

    8 NT_CMD: TM_IF NT_EXPR TM_THEN TM_LEFT_BRACE NT_CMD TM_RIGHT_BRACE • TM_ELSE TM_LEFT_BRACE NT_CMD TM_RIGHT_BRACE

    TM_ELSE  shift, and go to state 74


State 73

    9 NT_CMD: TM_WHILE NT_EXPR TM_DO TM_LEFT_BRACE NT_CMD TM_RIGHT_BRACE •

    $default  reduce using rule 9 (NT_CMD)


State 74

    8 NT_CMD: TM_IF NT_EXPR TM_THEN TM_LEFT_BRACE NT_CMD TM_RIGHT_BRACE TM_ELSE • TM_LEFT_BRACE NT_CMD TM_RIGHT_BRACE

    TM_LEFT_BRACE  shift, and go to state 75


State 75

    8 NT_CMD: TM_IF NT_EXPR TM_THEN TM_LEFT_BRACE NT_CMD TM_RIGHT_BRACE TM_ELSE TM_LEFT_BRACE • NT_CMD TM_RIGHT_BRACE

    TM_IDENT  shift, and go to state 1
    TM_VAR    shift, and go to state 2
    TM_ARRAY  shift, and go to state 3
    TM_IF     shift, and go to state 4
    TM_WHILE  shift, and go to state 5

    NT_CMD  go to state 76


State 76

    7 NT_CMD: NT_CMD • TM_SEMICOL NT_CMD
    8       | TM_IF NT_EXPR TM_THEN TM_LEFT_BRACE NT_CMD TM_RIGHT_BRACE TM_ELSE TM_LEFT_BRACE NT_CMD • TM_RIGHT_BRACE

    TM_RIGHT_BRACE  shift, and go to state 77
    TM_SEMICOL      shift, and go to state 21


State 77

    8 NT_CMD: TM_IF NT_EXPR TM_THEN TM_LEFT_BRACE NT_CMD TM_RIGHT_BRACE TM_ELSE TM_LEFT_BRACE NT_CMD TM_RIGHT_BRACE •

    $default  reduce using rule 8 (NT_CMD)
